<?xml version="1.0" encoding="UTF-8"?>
<!-- Generated by org.testng.reporters.JUnitReportReporter -->
<testsuite hostname="LM0003764" failures="0" tests="1" name="SeleniumFramework.extentreports.extentReport" time="16.978" errors="0" timestamp="2025-02-24T18:31:24 IST" skipped="0">
  <testcase classname="SeleniumFramework.extentreports.extentReport" name="initialDemo" time="16.978"/>
  <system-out/>
</testsuite> <!-- SeleniumFramework.extentreports.extentReport -->
